{"level":"info","msg":"Creando Instancia de Logger Ahora: service","time":"2024-04-09T20:18:27-06:00"}
{"level":"info","msg":"Una Instancia de Logger ya habia sido creada: controller","time":"2024-04-09T20:18:27-06:00"}
{"level":"info","msg":"Una Instancia de Logger ya habia sido creada: main","time":"2024-04-09T20:18:27-06:00"}
{"level":"info","msg":"POST /*/signup\n","time":"2024-04-09T20:18:27-06:00"}
{"level":"info","msg":"Creando Instancia de Logger Ahora: service","time":"2024-04-09T20:18:35-06:00"}
{"level":"info","msg":"Una Instancia de Logger ya habia sido creada: controller","time":"2024-04-09T20:18:35-06:00"}
{"level":"info","msg":"Una Instancia de Logger ya habia sido creada: main","time":"2024-04-09T20:18:35-06:00"}
{"level":"info","msg":"POST /*/signup\n","time":"2024-04-09T20:18:35-06:00"}
{"level":"info","msg":"Creando Instancia de Logger Ahora: service","time":"2024-04-09T20:29:55-06:00"}
{"level":"info","msg":"Una Instancia de Logger ya habia sido creada: controller","time":"2024-04-09T20:29:55-06:00"}
{"level":"info","msg":"Una Instancia de Logger ya habia sido creada: main","time":"2024-04-09T20:29:55-06:00"}
{"level":"info","msg":"POST /*/signup\n","time":"2024-04-09T20:29:55-06:00"}
{"level":"info","msg":"Creando Instancia de Logger Ahora: service","time":"2024-04-09T20:30:43-06:00"}
{"level":"info","msg":"Una Instancia de Logger ya habia sido creada: controller","time":"2024-04-09T20:30:43-06:00"}
{"level":"info","msg":"Una Instancia de Logger ya habia sido creada: main","time":"2024-04-09T20:30:43-06:00"}
{"level":"info","msg":"POST /*/signup\n","time":"2024-04-09T20:30:43-06:00"}
{"level":"info","msg":"Creando Instancia de Logger Ahora: service","time":"2024-04-09T20:31:29-06:00"}
{"level":"info","msg":"Una Instancia de Logger ya habia sido creada: controller","time":"2024-04-09T20:31:29-06:00"}
{"level":"info","msg":"Una Instancia de Logger ya habia sido creada: main","time":"2024-04-09T20:31:29-06:00"}
{"level":"info","msg":"POST /*/signup\n","time":"2024-04-09T20:31:29-06:00"}
{"level":"info","msg":"Creando Instancia de Logger Ahora: service","time":"2024-04-09T20:49:13-06:00"}
{"level":"info","msg":"Una Instancia de Logger ya habia sido creada: controller","time":"2024-04-09T20:49:13-06:00"}
{"level":"info","msg":"Una Instancia de Logger ya habia sido creada: main","time":"2024-04-09T20:49:13-06:00"}
{"level":"info","msg":"POST /*/signup\n","time":"2024-04-09T20:49:13-06:00"}
{"level":"info","msg":"Creando Instancia de Logger Ahora: service","time":"2024-04-09T20:49:37-06:00"}
{"level":"info","msg":"Una Instancia de Logger ya habia sido creada: controller","time":"2024-04-09T20:49:37-06:00"}
{"level":"info","msg":"Una Instancia de Logger ya habia sido creada: main","time":"2024-04-09T20:49:37-06:00"}
{"level":"info","msg":"POST /*/signup\n","time":"2024-04-09T20:49:37-06:00"}
{"level":"info","msg":"Creando Instancia de Logger Ahora: service","time":"2024-04-09T20:53:52-06:00"}
{"level":"info","msg":"Una Instancia de Logger ya habia sido creada: controller","time":"2024-04-09T20:53:52-06:00"}
{"level":"info","msg":"Una Instancia de Logger ya habia sido creada: main","time":"2024-04-09T20:53:52-06:00"}
{"level":"info","msg":"POST /*/signup\n","time":"2024-04-09T20:53:52-06:00"}
{"level":"info","msg":"Creando Instancia de Logger Ahora: service","time":"2024-04-09T20:55:18-06:00"}
{"level":"info","msg":"Una Instancia de Logger ya habia sido creada: controller","time":"2024-04-09T20:55:18-06:00"}
{"level":"info","msg":"Una Instancia de Logger ya habia sido creada: main","time":"2024-04-09T20:55:18-06:00"}
{"level":"info","msg":"POST /*/signup\n","time":"2024-04-09T20:55:18-06:00"}
{"level":"info","msg":"Creando Instancia de Logger Ahora: service","time":"2024-04-09T20:59:25-06:00"}
{"level":"info","msg":"Una Instancia de Logger ya habia sido creada: controller","time":"2024-04-09T20:59:25-06:00"}
{"level":"info","msg":"Una Instancia de Logger ya habia sido creada: main","time":"2024-04-09T20:59:25-06:00"}
{"level":"info","msg":"POST /*/signup\n","time":"2024-04-09T20:59:25-06:00"}
{"level":"info","msg":"Creando Instancia de Logger Ahora: service","time":"2024-04-09T21:01:26-06:00"}
{"level":"info","msg":"Una Instancia de Logger ya habia sido creada: controller","time":"2024-04-09T21:01:26-06:00"}
{"level":"info","msg":"Una Instancia de Logger ya habia sido creada: main","time":"2024-04-09T21:01:26-06:00"}
{"level":"info","msg":"POST /*/signup\n","time":"2024-04-09T21:01:26-06:00"}
{"level":"info","msg":"Creando Instancia de Logger Ahora: service","time":"2024-04-09T21:01:59-06:00"}
{"level":"info","msg":"Una Instancia de Logger ya habia sido creada: controller","time":"2024-04-09T21:01:59-06:00"}
{"level":"info","msg":"Una Instancia de Logger ya habia sido creada: main","time":"2024-04-09T21:01:59-06:00"}
{"level":"info","msg":"POST /*/signup\n","time":"2024-04-09T21:01:59-06:00"}
{"level":"info","msg":"Creando Instancia de Logger Ahora: service","time":"2024-04-09T21:02:52-06:00"}
{"level":"info","msg":"Una Instancia de Logger ya habia sido creada: controller","time":"2024-04-09T21:02:52-06:00"}
{"level":"info","msg":"Una Instancia de Logger ya habia sido creada: main","time":"2024-04-09T21:02:52-06:00"}
{"level":"info","msg":"POST /*/signup\n","time":"2024-04-09T21:02:52-06:00"}
{"level":"info","msg":"Creando Instancia de Logger Ahora: service","time":"2024-04-09T21:04:56-06:00"}
{"level":"info","msg":"Una Instancia de Logger ya habia sido creada: controller","time":"2024-04-09T21:04:56-06:00"}
{"level":"info","msg":"Una Instancia de Logger ya habia sido creada: main","time":"2024-04-09T21:04:56-06:00"}
{"level":"info","msg":"POST /*/signup\n","time":"2024-04-09T21:04:56-06:00"}
{"level":"info","msg":"Creando Instancia de Logger Ahora: service","time":"2024-04-09T21:05:15-06:00"}
{"level":"info","msg":"Una Instancia de Logger ya habia sido creada: controller","time":"2024-04-09T21:05:15-06:00"}
{"level":"info","msg":"Una Instancia de Logger ya habia sido creada: main","time":"2024-04-09T21:05:15-06:00"}
{"level":"info","msg":"POST /*/signup\n","time":"2024-04-09T21:05:15-06:00"}
{"level":"info","msg":"Creando Instancia de Logger Ahora: service","time":"2024-04-09T21:06:15-06:00"}
{"level":"info","msg":"Una Instancia de Logger ya habia sido creada: controller","time":"2024-04-09T21:06:15-06:00"}
{"level":"info","msg":"Una Instancia de Logger ya habia sido creada: main","time":"2024-04-09T21:06:15-06:00"}
{"level":"info","msg":"POST /*/signup\n","time":"2024-04-09T21:06:16-06:00"}
{"level":"info","msg":"Creando Instancia de Logger Ahora: service","time":"2024-04-09T21:06:50-06:00"}
{"level":"info","msg":"Una Instancia de Logger ya habia sido creada: controller","time":"2024-04-09T21:06:50-06:00"}
{"level":"info","msg":"Una Instancia de Logger ya habia sido creada: main","time":"2024-04-09T21:06:50-06:00"}
{"level":"info","msg":"POST /*/signup\n","time":"2024-04-09T21:06:50-06:00"}
{"level":"info","msg":"Creando Instancia de Logger Ahora: service","time":"2024-04-09T21:09:06-06:00"}
{"level":"info","msg":"Una Instancia de Logger ya habia sido creada: controller","time":"2024-04-09T21:09:06-06:00"}
{"level":"info","msg":"Una Instancia de Logger ya habia sido creada: main","time":"2024-04-09T21:09:06-06:00"}
{"level":"info","msg":"POST /*/signup\n","time":"2024-04-09T21:09:06-06:00"}
{"level":"info","msg":"Creando Instancia de Logger Ahora: service","time":"2024-04-09T21:09:43-06:00"}
{"level":"info","msg":"Una Instancia de Logger ya habia sido creada: controller","time":"2024-04-09T21:09:43-06:00"}
{"level":"info","msg":"Una Instancia de Logger ya habia sido creada: main","time":"2024-04-09T21:09:43-06:00"}
{"level":"info","msg":"POST /*/signup\n","time":"2024-04-09T21:09:43-06:00"}
{"level":"info","msg":"Creando Instancia de Logger Ahora: service","time":"2024-04-09T21:13:52-06:00"}
{"level":"info","msg":"Una Instancia de Logger ya habia sido creada: controller","time":"2024-04-09T21:13:52-06:00"}
{"level":"info","msg":"Una Instancia de Logger ya habia sido creada: main","time":"2024-04-09T21:13:52-06:00"}
{"level":"info","msg":"POST /*/signup\n","time":"2024-04-09T21:13:52-06:00"}
{"level":"info","msg":"Creando Instancia de Logger Ahora: service","time":"2024-04-09T21:14:25-06:00"}
{"level":"info","msg":"Una Instancia de Logger ya habia sido creada: controller","time":"2024-04-09T21:14:25-06:00"}
{"level":"info","msg":"Una Instancia de Logger ya habia sido creada: main","time":"2024-04-09T21:14:25-06:00"}
{"level":"info","msg":"POST /*/signup\n","time":"2024-04-09T21:14:25-06:00"}
{"level":"info","msg":"Creando Instancia de Logger Ahora: service","time":"2024-04-09T21:15:20-06:00"}
{"level":"info","msg":"Una Instancia de Logger ya habia sido creada: controller","time":"2024-04-09T21:15:20-06:00"}
{"level":"info","msg":"Una Instancia de Logger ya habia sido creada: main","time":"2024-04-09T21:15:20-06:00"}
{"level":"info","msg":"POST /*/signup\n","time":"2024-04-09T21:15:20-06:00"}
{"level":"info","msg":"Creando Instancia de Logger Ahora: service","time":"2024-04-09T21:16:28-06:00"}
{"level":"info","msg":"Una Instancia de Logger ya habia sido creada: controller","time":"2024-04-09T21:16:28-06:00"}
{"level":"info","msg":"Una Instancia de Logger ya habia sido creada: main","time":"2024-04-09T21:16:28-06:00"}
{"level":"info","msg":"POST /*/signup\n","time":"2024-04-09T21:16:28-06:00"}
{"level":"info","msg":"Creando Instancia de Logger Ahora: service","time":"2024-04-10T10:50:38-06:00"}
{"level":"info","msg":"Una Instancia de Logger ya habia sido creada: controller","time":"2024-04-10T10:50:38-06:00"}
{"level":"info","msg":"Una Instancia de Logger ya habia sido creada: main","time":"2024-04-10T10:50:38-06:00"}
{"level":"info","msg":"POST /*/signup\n","time":"2024-04-10T10:50:38-06:00"}
{"level":"info","msg":"Creando Instancia de Logger Ahora: service","time":"2024-04-10T10:51:23-06:00"}
{"level":"info","msg":"Una Instancia de Logger ya habia sido creada: controller","time":"2024-04-10T10:51:23-06:00"}
{"level":"info","msg":"Una Instancia de Logger ya habia sido creada: main","time":"2024-04-10T10:51:23-06:00"}
{"level":"info","msg":"POST /*/signup\n","time":"2024-04-10T10:51:23-06:00"}
{"level":"info","msg":"Creando Instancia de Logger Ahora: service","time":"2024-04-10T10:51:45-06:00"}
{"level":"info","msg":"Una Instancia de Logger ya habia sido creada: controller","time":"2024-04-10T10:51:45-06:00"}
{"level":"info","msg":"Una Instancia de Logger ya habia sido creada: main","time":"2024-04-10T10:51:45-06:00"}
{"level":"info","msg":"POST /*/signup\n","time":"2024-04-10T10:51:45-06:00"}
{"level":"info","msg":"Creando Instancia de Logger Ahora: service","time":"2024-04-10T10:53:41-06:00"}
{"level":"info","msg":"Una Instancia de Logger ya habia sido creada: controller","time":"2024-04-10T10:53:41-06:00"}
{"level":"info","msg":"Una Instancia de Logger ya habia sido creada: main","time":"2024-04-10T10:53:41-06:00"}
{"level":"info","msg":"POST /*/signup\n","time":"2024-04-10T10:53:41-06:00"}
{"level":"info","msg":"Creando Instancia de Logger Ahora: service","time":"2024-04-10T11:15:28-06:00"}
{"level":"info","msg":"Una Instancia de Logger ya habia sido creada: controller","time":"2024-04-10T11:15:28-06:00"}
{"level":"info","msg":"Una Instancia de Logger ya habia sido creada: main","time":"2024-04-10T11:15:28-06:00"}
{"level":"info","msg":"POST /*/signup\n","time":"2024-04-10T11:15:28-06:00"}
{"level":"info","msg":"Creando Instancia de Logger Ahora: service","time":"2024-04-10T11:20:25-06:00"}
{"level":"info","msg":"Una Instancia de Logger ya habia sido creada: controller","time":"2024-04-10T11:20:25-06:00"}
{"level":"info","msg":"Una Instancia de Logger ya habia sido creada: main","time":"2024-04-10T11:20:25-06:00"}
{"level":"info","msg":"POST /*/signup\n","time":"2024-04-10T11:20:25-06:00"}
{"level":"info","msg":"Creando Instancia de Logger Ahora: service","time":"2024-04-10T11:21:48-06:00"}
{"level":"info","msg":"Una Instancia de Logger ya habia sido creada: controller","time":"2024-04-10T11:21:48-06:00"}
{"level":"info","msg":"Una Instancia de Logger ya habia sido creada: main","time":"2024-04-10T11:21:48-06:00"}
{"level":"info","msg":"POST /*/signup\n","time":"2024-04-10T11:21:48-06:00"}
{"level":"info","msg":"Creando Instancia de Logger Ahora: service","time":"2024-04-10T11:25:15-06:00"}
{"level":"info","msg":"Una Instancia de Logger ya habia sido creada: controller","time":"2024-04-10T11:25:15-06:00"}
{"level":"info","msg":"Una Instancia de Logger ya habia sido creada: main","time":"2024-04-10T11:25:15-06:00"}
{"level":"info","msg":"POST /*/signup\n","time":"2024-04-10T11:25:15-06:00"}
{"level":"info","msg":"Creando Instancia de Logger Ahora: service","time":"2024-04-10T11:26:09-06:00"}
{"level":"info","msg":"Una Instancia de Logger ya habia sido creada: controller","time":"2024-04-10T11:26:09-06:00"}
{"level":"info","msg":"Una Instancia de Logger ya habia sido creada: main","time":"2024-04-10T11:26:09-06:00"}
{"level":"info","msg":"POST /*/signup\n","time":"2024-04-10T11:26:09-06:00"}
{"level":"info","msg":"Creando Instancia de Logger Ahora: service","time":"2024-04-10T11:26:44-06:00"}
{"level":"info","msg":"Una Instancia de Logger ya habia sido creada: controller","time":"2024-04-10T11:26:44-06:00"}
{"level":"info","msg":"Una Instancia de Logger ya habia sido creada: main","time":"2024-04-10T11:26:44-06:00"}
{"level":"info","msg":"POST /*/signup\n","time":"2024-04-10T11:26:44-06:00"}
{"level":"info","msg":"Creando Instancia de Logger Ahora: service","time":"2024-04-10T11:27:14-06:00"}
{"level":"info","msg":"Una Instancia de Logger ya habia sido creada: controller","time":"2024-04-10T11:27:14-06:00"}
{"level":"info","msg":"Una Instancia de Logger ya habia sido creada: main","time":"2024-04-10T11:27:14-06:00"}
{"level":"info","msg":"POST /*/signup\n","time":"2024-04-10T11:27:14-06:00"}
{"level":"info","msg":"Creando Instancia de Logger Ahora: service","time":"2024-04-10T11:29:14-06:00"}
{"level":"info","msg":"Una Instancia de Logger ya habia sido creada: controller","time":"2024-04-10T11:29:14-06:00"}
{"level":"info","msg":"Una Instancia de Logger ya habia sido creada: main","time":"2024-04-10T11:29:14-06:00"}
{"level":"info","msg":"POST /*/signup\n","time":"2024-04-10T11:29:14-06:00"}
{"level":"info","msg":"Creando Instancia de Logger Ahora: service","time":"2024-04-10T11:30:01-06:00"}
{"level":"info","msg":"Una Instancia de Logger ya habia sido creada: controller","time":"2024-04-10T11:30:01-06:00"}
{"level":"info","msg":"Una Instancia de Logger ya habia sido creada: main","time":"2024-04-10T11:30:01-06:00"}
{"level":"info","msg":"POST /*/signup\n","time":"2024-04-10T11:30:01-06:00"}
{"level":"info","msg":"Creando Instancia de Logger Ahora: service","time":"2024-04-10T11:31:22-06:00"}
{"level":"info","msg":"Una Instancia de Logger ya habia sido creada: controller","time":"2024-04-10T11:31:22-06:00"}
{"level":"info","msg":"Una Instancia de Logger ya habia sido creada: main","time":"2024-04-10T11:31:22-06:00"}
{"level":"info","msg":"POST /*/signup\n","time":"2024-04-10T11:31:22-06:00"}
{"level":"info","msg":"Creando Instancia de Logger Ahora: service","time":"2024-04-10T11:31:39-06:00"}
{"level":"info","msg":"Una Instancia de Logger ya habia sido creada: controller","time":"2024-04-10T11:31:39-06:00"}
{"level":"info","msg":"Una Instancia de Logger ya habia sido creada: main","time":"2024-04-10T11:31:39-06:00"}
{"level":"info","msg":"POST /*/signup\n","time":"2024-04-10T11:31:39-06:00"}
{"level":"info","msg":"Creando Instancia de Logger Ahora: service","time":"2024-04-10T11:31:49-06:00"}
{"level":"info","msg":"Una Instancia de Logger ya habia sido creada: controller","time":"2024-04-10T11:31:49-06:00"}
{"level":"info","msg":"Una Instancia de Logger ya habia sido creada: main","time":"2024-04-10T11:31:49-06:00"}
{"level":"info","msg":"POST /*/signup\n","time":"2024-04-10T11:31:49-06:00"}
{"level":"info","msg":"Creando Instancia de Logger Ahora: service","time":"2024-04-10T11:32:26-06:00"}
{"level":"info","msg":"Una Instancia de Logger ya habia sido creada: controller","time":"2024-04-10T11:32:26-06:00"}
{"level":"info","msg":"Una Instancia de Logger ya habia sido creada: main","time":"2024-04-10T11:32:26-06:00"}
{"level":"info","msg":"POST /*/signup\n","time":"2024-04-10T11:32:26-06:00"}
{"level":"info","msg":"Creando Instancia de Logger Ahora: service","time":"2024-04-10T11:33:50-06:00"}
{"level":"info","msg":"Una Instancia de Logger ya habia sido creada: controller","time":"2024-04-10T11:33:50-06:00"}
{"level":"info","msg":"Una Instancia de Logger ya habia sido creada: main","time":"2024-04-10T11:33:50-06:00"}
{"level":"info","msg":"POST /*/signup\n","time":"2024-04-10T11:33:50-06:00"}
{"level":"info","msg":"Creando Instancia de Logger Ahora: service","time":"2024-04-10T11:42:13-06:00"}
{"level":"info","msg":"Una Instancia de Logger ya habia sido creada: controller","time":"2024-04-10T11:42:13-06:00"}
{"level":"info","msg":"Una Instancia de Logger ya habia sido creada: main","time":"2024-04-10T11:42:13-06:00"}
{"level":"info","msg":"POST /*/signup\n","time":"2024-04-10T11:42:13-06:00"}
{"level":"info","msg":"Creando Instancia de Logger Ahora: service","time":"2024-04-10T11:43:12-06:00"}
{"level":"info","msg":"Una Instancia de Logger ya habia sido creada: controller","time":"2024-04-10T11:43:12-06:00"}
{"level":"info","msg":"Una Instancia de Logger ya habia sido creada: main","time":"2024-04-10T11:43:12-06:00"}
{"level":"info","msg":"POST /*/signup\n","time":"2024-04-10T11:43:12-06:00"}
{"level":"info","msg":"Creando Instancia de Logger Ahora: service","time":"2024-04-10T11:43:45-06:00"}
{"level":"info","msg":"Una Instancia de Logger ya habia sido creada: controller","time":"2024-04-10T11:43:45-06:00"}
{"level":"info","msg":"Una Instancia de Logger ya habia sido creada: main","time":"2024-04-10T11:43:45-06:00"}
{"level":"info","msg":"POST /*/signup\n","time":"2024-04-10T11:43:45-06:00"}
{"level":"info","msg":"Creando Instancia de Logger Ahora: service","time":"2024-04-10T11:46:03-06:00"}
{"level":"info","msg":"Una Instancia de Logger ya habia sido creada: controller","time":"2024-04-10T11:46:03-06:00"}
{"level":"info","msg":"Una Instancia de Logger ya habia sido creada: main","time":"2024-04-10T11:46:03-06:00"}
{"level":"info","msg":"POST /*/signup\n","time":"2024-04-10T11:46:03-06:00"}
{"level":"info","msg":"Creando Instancia de Logger Ahora: service","time":"2024-04-10T13:46:17-06:00"}
{"level":"info","msg":"Una Instancia de Logger ya habia sido creada: controller","time":"2024-04-10T13:46:17-06:00"}
{"level":"info","msg":"Una Instancia de Logger ya habia sido creada: main","time":"2024-04-10T13:46:17-06:00"}
{"level":"info","msg":"POST /*/signup\n","time":"2024-04-10T13:46:17-06:00"}
{"level":"info","msg":"Creando Instancia de Logger Ahora: service","time":"2024-04-10T13:46:40-06:00"}
{"level":"info","msg":"Una Instancia de Logger ya habia sido creada: controller","time":"2024-04-10T13:46:40-06:00"}
{"level":"info","msg":"Una Instancia de Logger ya habia sido creada: main","time":"2024-04-10T13:46:40-06:00"}
{"level":"info","msg":"POST /*/signup\n","time":"2024-04-10T13:46:40-06:00"}
{"level":"info","msg":"Creando Instancia de Logger Ahora: service","time":"2024-04-10T13:46:46-06:00"}
{"level":"info","msg":"Una Instancia de Logger ya habia sido creada: controller","time":"2024-04-10T13:46:46-06:00"}
{"level":"info","msg":"Una Instancia de Logger ya habia sido creada: main","time":"2024-04-10T13:46:46-06:00"}
{"level":"info","msg":"POST /*/signup\n","time":"2024-04-10T13:46:46-06:00"}
{"level":"info","msg":"Creando Instancia de Logger Ahora: service","time":"2024-04-10T13:47:00-06:00"}
{"level":"info","msg":"Una Instancia de Logger ya habia sido creada: controller","time":"2024-04-10T13:47:00-06:00"}
{"level":"info","msg":"Una Instancia de Logger ya habia sido creada: main","time":"2024-04-10T13:47:00-06:00"}
{"level":"info","msg":"POST /*/signup\n","time":"2024-04-10T13:47:00-06:00"}
{"level":"info","msg":"Creando Instancia de Logger Ahora: service","time":"2024-04-10T13:47:54-06:00"}
{"level":"info","msg":"Una Instancia de Logger ya habia sido creada: controller","time":"2024-04-10T13:47:54-06:00"}
{"level":"info","msg":"Una Instancia de Logger ya habia sido creada: main","time":"2024-04-10T13:47:54-06:00"}
{"level":"info","msg":"POST /*/signup\n","time":"2024-04-10T13:47:54-06:00"}
{"level":"info","msg":"Creando Instancia de Logger Ahora: service","time":"2024-04-10T13:50:25-06:00"}
{"level":"info","msg":"Una Instancia de Logger ya habia sido creada: controller","time":"2024-04-10T13:50:25-06:00"}
{"level":"info","msg":"Una Instancia de Logger ya habia sido creada: main","time":"2024-04-10T13:50:25-06:00"}
{"level":"info","msg":"POST /*/signup\n","time":"2024-04-10T13:50:25-06:00"}
{"level":"info","msg":"Creando Instancia de Logger Ahora: service","time":"2024-04-10T13:51:35-06:00"}
{"level":"info","msg":"Una Instancia de Logger ya habia sido creada: controller","time":"2024-04-10T13:51:35-06:00"}
{"level":"info","msg":"Una Instancia de Logger ya habia sido creada: main","time":"2024-04-10T13:51:35-06:00"}
{"level":"info","msg":"POST /*/signup\n","time":"2024-04-10T13:51:35-06:00"}
{"level":"info","msg":"Creando Instancia de Logger Ahora: service","time":"2024-04-10T13:53:50-06:00"}
{"level":"info","msg":"Una Instancia de Logger ya habia sido creada: controller","time":"2024-04-10T13:53:50-06:00"}
{"level":"info","msg":"Una Instancia de Logger ya habia sido creada: main","time":"2024-04-10T13:53:50-06:00"}
{"level":"info","msg":"POST /*/signup\n","time":"2024-04-10T13:53:50-06:00"}
{"level":"info","msg":"Creando Instancia de Logger Ahora: service","time":"2024-04-10T13:54:04-06:00"}
{"level":"info","msg":"Una Instancia de Logger ya habia sido creada: controller","time":"2024-04-10T13:54:04-06:00"}
{"level":"info","msg":"Una Instancia de Logger ya habia sido creada: main","time":"2024-04-10T13:54:04-06:00"}
{"level":"info","msg":"POST /*/signup\n","time":"2024-04-10T13:54:04-06:00"}
{"level":"info","msg":"Creando Instancia de Logger Ahora: service","time":"2024-04-10T14:01:28-06:00"}
{"level":"info","msg":"Una Instancia de Logger ya habia sido creada: controller","time":"2024-04-10T14:01:28-06:00"}
{"level":"info","msg":"Una Instancia de Logger ya habia sido creada: main","time":"2024-04-10T14:01:28-06:00"}
{"level":"info","msg":"POST /*/signin\n","time":"2024-04-10T14:01:28-06:00"}
{"level":"info","msg":"POST /*/signup\n","time":"2024-04-10T14:01:28-06:00"}
{"level":"info","msg":"Creando Instancia de Logger Ahora: service","time":"2024-04-10T14:03:29-06:00"}
{"level":"info","msg":"Una Instancia de Logger ya habia sido creada: controller","time":"2024-04-10T14:03:29-06:00"}
{"level":"info","msg":"Una Instancia de Logger ya habia sido creada: main","time":"2024-04-10T14:03:29-06:00"}
{"level":"info","msg":"POST /*/signin\n","time":"2024-04-10T14:03:29-06:00"}
{"level":"info","msg":"POST /*/signup\n","time":"2024-04-10T14:03:29-06:00"}
{"level":"info","msg":"Creando Instancia de Logger Ahora: service","time":"2024-04-10T14:05:38-06:00"}
{"level":"info","msg":"Una Instancia de Logger ya habia sido creada: controller","time":"2024-04-10T14:05:38-06:00"}
{"level":"info","msg":"Una Instancia de Logger ya habia sido creada: main","time":"2024-04-10T14:05:38-06:00"}
{"level":"info","msg":"POST /*/signin\n","time":"2024-04-10T14:05:38-06:00"}
{"level":"info","msg":"POST /*/signup\n","time":"2024-04-10T14:05:38-06:00"}
{"level":"info","msg":"Creando Instancia de Logger Ahora: service","time":"2024-04-10T14:06:59-06:00"}
{"level":"info","msg":"Una Instancia de Logger ya habia sido creada: controller","time":"2024-04-10T14:06:59-06:00"}
{"level":"info","msg":"Una Instancia de Logger ya habia sido creada: main","time":"2024-04-10T14:06:59-06:00"}
{"level":"info","msg":"POST /*/signin\n","time":"2024-04-10T14:06:59-06:00"}
{"level":"info","msg":"POST /*/signup\n","time":"2024-04-10T14:06:59-06:00"}
{"level":"info","msg":"Creando Instancia de Logger Ahora: service","time":"2024-04-10T14:07:35-06:00"}
{"level":"info","msg":"Una Instancia de Logger ya habia sido creada: controller","time":"2024-04-10T14:07:35-06:00"}
{"level":"info","msg":"Una Instancia de Logger ya habia sido creada: main","time":"2024-04-10T14:07:35-06:00"}
{"level":"info","msg":"POST /*/signin\n","time":"2024-04-10T14:07:35-06:00"}
{"level":"info","msg":"POST /*/signup\n","time":"2024-04-10T14:07:35-06:00"}
{"level":"info","msg":"Creando Instancia de Logger Ahora: service","time":"2024-04-10T14:07:53-06:00"}
{"level":"info","msg":"Una Instancia de Logger ya habia sido creada: controller","time":"2024-04-10T14:07:53-06:00"}
{"level":"info","msg":"Una Instancia de Logger ya habia sido creada: main","time":"2024-04-10T14:07:53-06:00"}
{"level":"info","msg":"POST /*/signin\n","time":"2024-04-10T14:07:53-06:00"}
{"level":"info","msg":"POST /*/signup\n","time":"2024-04-10T14:07:53-06:00"}
{"level":"info","msg":"Creando Instancia de Logger Ahora: service","time":"2024-04-10T15:30:27-06:00"}
{"level":"info","msg":"Una Instancia de Logger ya habia sido creada: controller","time":"2024-04-10T15:30:27-06:00"}
{"level":"info","msg":"Una Instancia de Logger ya habia sido creada: main","time":"2024-04-10T15:30:27-06:00"}
{"level":"info","msg":"POST /*/signin\n","time":"2024-04-10T15:30:27-06:00"}
{"level":"info","msg":"POST /*/signup\n","time":"2024-04-10T15:30:27-06:00"}
{"level":"info","msg":"Creando Instancia de Logger Ahora: service","time":"2024-04-10T15:31:06-06:00"}
{"level":"info","msg":"Una Instancia de Logger ya habia sido creada: controller","time":"2024-04-10T15:31:06-06:00"}
{"level":"info","msg":"Una Instancia de Logger ya habia sido creada: main","time":"2024-04-10T15:31:06-06:00"}
{"level":"info","msg":"POST /*/signin\n","time":"2024-04-10T15:31:06-06:00"}
{"level":"info","msg":"POST /*/signup\n","time":"2024-04-10T15:31:06-06:00"}
{"level":"info","msg":"Creando Instancia de Logger Ahora: service","time":"2024-04-10T15:32:31-06:00"}
{"level":"info","msg":"Una Instancia de Logger ya habia sido creada: controller","time":"2024-04-10T15:32:31-06:00"}
{"level":"info","msg":"Una Instancia de Logger ya habia sido creada: main","time":"2024-04-10T15:32:31-06:00"}
{"level":"info","msg":"POST /*/signin\n","time":"2024-04-10T15:32:31-06:00"}
{"level":"info","msg":"POST /*/signup\n","time":"2024-04-10T15:32:31-06:00"}
{"level":"info","msg":"Creando Instancia de Logger Ahora: service","time":"2024-04-10T15:33:20-06:00"}
{"level":"info","msg":"Una Instancia de Logger ya habia sido creada: controller","time":"2024-04-10T15:33:20-06:00"}
{"level":"info","msg":"Una Instancia de Logger ya habia sido creada: main","time":"2024-04-10T15:33:20-06:00"}
{"level":"info","msg":"POST /*/signin\n","time":"2024-04-10T15:33:20-06:00"}
{"level":"info","msg":"POST /*/signup\n","time":"2024-04-10T15:33:20-06:00"}
{"level":"info","msg":"Creando Instancia de Logger Ahora: service","time":"2024-04-10T15:33:53-06:00"}
{"level":"info","msg":"Creando Instancia de Logger Ahora: service","time":"2024-04-10T15:34:27-06:00"}
{"level":"info","msg":"Creando Instancia de Logger Ahora: service","time":"2024-04-10T15:34:42-06:00"}
{"level":"info","msg":"Una Instancia de Logger ya habia sido creada: controller","time":"2024-04-10T15:34:42-06:00"}
{"level":"info","msg":"Una Instancia de Logger ya habia sido creada: main","time":"2024-04-10T15:34:42-06:00"}
{"level":"info","msg":"POST /*/signin\n","time":"2024-04-10T15:34:42-06:00"}
{"level":"info","msg":"POST /*/signup\n","time":"2024-04-10T15:34:42-06:00"}
{"level":"info","msg":"Creando Instancia de Logger Ahora: service","time":"2024-04-10T15:35:10-06:00"}
{"level":"info","msg":"Una Instancia de Logger ya habia sido creada: controller","time":"2024-04-10T15:35:10-06:00"}
{"level":"info","msg":"Una Instancia de Logger ya habia sido creada: main","time":"2024-04-10T15:35:10-06:00"}
{"level":"info","msg":"POST /*/signin\n","time":"2024-04-10T15:35:10-06:00"}
{"level":"info","msg":"POST /*/signup\n","time":"2024-04-10T15:35:10-06:00"}
{"level":"info","msg":"Creando Instancia de Logger Ahora: service","time":"2024-04-10T15:35:34-06:00"}
{"level":"info","msg":"Una Instancia de Logger ya habia sido creada: controller","time":"2024-04-10T15:35:34-06:00"}
{"level":"info","msg":"Una Instancia de Logger ya habia sido creada: main","time":"2024-04-10T15:35:34-06:00"}
{"level":"info","msg":"POST /*/signin\n","time":"2024-04-10T15:35:34-06:00"}
{"level":"info","msg":"POST /*/signup\n","time":"2024-04-10T15:35:34-06:00"}
{"level":"info","msg":"Creando Instancia de Logger Ahora: service","time":"2024-04-10T15:36:29-06:00"}
{"level":"info","msg":"Una Instancia de Logger ya habia sido creada: controller","time":"2024-04-10T15:36:29-06:00"}
{"level":"info","msg":"Una Instancia de Logger ya habia sido creada: main","time":"2024-04-10T15:36:29-06:00"}
{"level":"info","msg":"POST /*/signin\n","time":"2024-04-10T15:36:29-06:00"}
{"level":"info","msg":"POST /*/signup\n","time":"2024-04-10T15:36:29-06:00"}
{"level":"info","msg":"Creando Instancia de Logger Ahora: service","time":"2024-04-10T15:37:22-06:00"}
{"level":"info","msg":"Una Instancia de Logger ya habia sido creada: controller","time":"2024-04-10T15:37:22-06:00"}
{"level":"info","msg":"Una Instancia de Logger ya habia sido creada: main","time":"2024-04-10T15:37:22-06:00"}
{"level":"info","msg":"POST /*/signin\n","time":"2024-04-10T15:37:22-06:00"}
{"level":"info","msg":"POST /*/signup\n","time":"2024-04-10T15:37:22-06:00"}
{"level":"info","msg":"Creando Instancia de Logger Ahora: service","time":"2024-04-10T15:37:32-06:00"}
{"level":"info","msg":"Una Instancia de Logger ya habia sido creada: controller","time":"2024-04-10T15:37:32-06:00"}
{"level":"info","msg":"Una Instancia de Logger ya habia sido creada: main","time":"2024-04-10T15:37:32-06:00"}
{"level":"info","msg":"POST /*/signin\n","time":"2024-04-10T15:37:32-06:00"}
{"level":"info","msg":"POST /*/signup\n","time":"2024-04-10T15:37:32-06:00"}
{"level":"info","msg":"Creando Instancia de Logger Ahora: controller","time":"2024-04-10T15:38:15-06:00"}
{"level":"info","msg":"Una Instancia de Logger ya habia sido creada: main","time":"2024-04-10T15:38:15-06:00"}
{"level":"info","msg":"POST /*/signin\n","time":"2024-04-10T15:38:15-06:00"}
{"level":"info","msg":"POST /*/signup\n","time":"2024-04-10T15:38:15-06:00"}
{"level":"info","msg":"Creando Instancia de Logger Ahora: controller","time":"2024-04-10T15:43:57-06:00"}
{"level":"info","msg":"Una Instancia de Logger ya habia sido creada: main","time":"2024-04-10T15:43:57-06:00"}
{"level":"info","msg":"POST /*/signin\n","time":"2024-04-10T15:43:57-06:00"}
{"level":"info","msg":"POST /*/signup\n","time":"2024-04-10T15:43:57-06:00"}
{"level":"info","msg":"Creando Instancia de Logger Ahora: controller","time":"2024-04-10T15:44:27-06:00"}
{"level":"info","msg":"Una Instancia de Logger ya habia sido creada: main","time":"2024-04-10T15:44:27-06:00"}
{"level":"info","msg":"POST /*/signin\n","time":"2024-04-10T15:44:27-06:00"}
{"level":"info","msg":"POST /*/signup\n","time":"2024-04-10T15:44:27-06:00"}
{"level":"info","msg":"Creando Instancia de Logger Ahora: controller","time":"2024-04-10T15:47:11-06:00"}
{"level":"info","msg":"Una Instancia de Logger ya habia sido creada: main","time":"2024-04-10T15:47:11-06:00"}
{"level":"info","msg":"POST /*/signin\n","time":"2024-04-10T15:47:11-06:00"}
{"level":"info","msg":"POST /*/signup\n","time":"2024-04-10T15:47:11-06:00"}
{"level":"info","msg":"Creando Instancia de Logger Ahora: controller","time":"2024-04-10T15:50:57-06:00"}
{"level":"info","msg":"Una Instancia de Logger ya habia sido creada: main","time":"2024-04-10T15:50:57-06:00"}
{"level":"info","msg":"POST /*/signin\n","time":"2024-04-10T15:50:57-06:00"}
{"level":"info","msg":"POST /*/signup\n","time":"2024-04-10T15:50:57-06:00"}
